<?xml version="1.0" encoding="UTF-8"?>
<testng-results skipped="0" failed="1" total="23" passed="22">
  <reporter-output>
  </reporter-output>
  <suite name="Command line suite" duration-ms="2037" started-at="2017-07-23T18:22:17Z" finished-at="2017-07-23T18:22:19Z">
    <groups>
    </groups>
    <test name="Command line test" duration-ms="2037" started-at="2017-07-23T18:22:17Z" finished-at="2017-07-23T18:22:19Z">
      <class name="TestCases.LimitCountTest">
        <test-method status="PASS" signature="TestDefaultLimit()[pri:0, instance:TestCases.LimitCountTest@988246e]" name="TestDefaultLimit" duration-ms="135" started-at="2017-07-23T11:22:18Z" finished-at="2017-07-23T11:22:18Z">
          <reporter-output>
          </reporter-output>
        </test-method> <!-- TestDefaultLimit -->
        <test-method status="PASS" signature="TestLimit0_Negative()[pri:0, instance:TestCases.LimitCountTest@988246e]" name="TestLimit0_Negative" duration-ms="90" started-at="2017-07-23T11:22:18Z" finished-at="2017-07-23T11:22:18Z">
          <reporter-output>
          </reporter-output>
        </test-method> <!-- TestLimit0_Negative -->
        <test-method status="PASS" signature="testLimit1()[pri:0, instance:TestCases.LimitCountTest@988246e]" name="testLimit1" duration-ms="65" started-at="2017-07-23T11:22:18Z" finished-at="2017-07-23T11:22:18Z">
          <reporter-output>
          </reporter-output>
        </test-method> <!-- testLimit1 -->
        <test-method status="PASS" signature="testLimit200()[pri:0, instance:TestCases.LimitCountTest@988246e]" name="testLimit200" duration-ms="131" started-at="2017-07-23T11:22:18Z" finished-at="2017-07-23T11:22:19Z">
          <reporter-output>
          </reporter-output>
        </test-method> <!-- testLimit200 -->
        <test-method status="PASS" signature="testLimitCount20()[pri:0, instance:TestCases.LimitCountTest@988246e]" name="testLimitCount20" duration-ms="95" started-at="2017-07-23T11:22:19Z" finished-at="2017-07-23T11:22:19Z">
          <reporter-output>
          </reporter-output>
        </test-method> <!-- testLimitCount20 -->
      </class> <!-- TestCases.LimitCountTest -->
      <class name="TestCases.ResponseStatusCodeTest">
        <test-method status="PASS" signature="responseTermCountry()[pri:0, instance:TestCases.ResponseStatusCodeTest@3c5a54b7]" name="responseTermCountry" duration-ms="76" started-at="2017-07-23T11:22:19Z" finished-at="2017-07-23T11:22:19Z">
          <reporter-output>
          </reporter-output>
        </test-method> <!-- responseTermCountry -->
        <test-method status="PASS" signature="responseTermCountryMedia()[pri:0, instance:TestCases.ResponseStatusCodeTest@3c5a54b7]" name="responseTermCountryMedia" duration-ms="59" started-at="2017-07-23T11:22:19Z" finished-at="2017-07-23T11:22:19Z">
          <reporter-output>
          </reporter-output>
        </test-method> <!-- responseTermCountryMedia -->
        <test-method status="PASS" signature="responseTermCountryMedialimit()[pri:0, instance:TestCases.ResponseStatusCodeTest@3c5a54b7]" name="responseTermCountryMedialimit" duration-ms="27" started-at="2017-07-23T11:22:19Z" finished-at="2017-07-23T11:22:19Z">
          <reporter-output>
          </reporter-output>
        </test-method> <!-- responseTermCountryMedialimit -->
      </class> <!-- TestCases.ResponseStatusCodeTest -->
      <class name="TestCases.MediaTest">
        <test-method status="PASS" signature="testAudiobookMedia()[pri:0, instance:TestCases.MediaTest@62515a47]" name="testAudiobookMedia" duration-ms="28" started-at="2017-07-23T11:22:19Z" finished-at="2017-07-23T11:22:19Z">
          <reporter-output>
          </reporter-output>
        </test-method> <!-- testAudiobookMedia -->
        <test-method status="PASS" signature="testDefaultMovie()[pri:0, instance:TestCases.MediaTest@62515a47]" name="testDefaultMovie" duration-ms="37" started-at="2017-07-23T11:22:19Z" finished-at="2017-07-23T11:22:19Z">
          <reporter-output>
          </reporter-output>
        </test-method> <!-- testDefaultMovie -->
        <test-method status="PASS" signature="testDefaultMusicBand()[pri:0, instance:TestCases.MediaTest@62515a47]" name="testDefaultMusicBand" duration-ms="26" started-at="2017-07-23T11:22:19Z" finished-at="2017-07-23T11:22:19Z">
          <reporter-output>
          </reporter-output>
        </test-method> <!-- testDefaultMusicBand -->
        <test-method status="PASS" signature="testDefaultSong()[pri:0, instance:TestCases.MediaTest@62515a47]" name="testDefaultSong" duration-ms="32" started-at="2017-07-23T11:22:19Z" finished-at="2017-07-23T11:22:19Z">
          <reporter-output>
          </reporter-output>
        </test-method> <!-- testDefaultSong -->
        <test-method status="PASS" signature="testEbookMedia()[pri:0, instance:TestCases.MediaTest@62515a47]" name="testEbookMedia" duration-ms="17" started-at="2017-07-23T11:22:19Z" finished-at="2017-07-23T11:22:19Z">
          <reporter-output>
          </reporter-output>
        </test-method> <!-- testEbookMedia -->
        <test-method status="PASS" signature="testGenreBasedOnMedia()[pri:0, instance:TestCases.MediaTest@62515a47]" name="testGenreBasedOnMedia" duration-ms="17" started-at="2017-07-23T11:22:19Z" finished-at="2017-07-23T11:22:19Z">
          <reporter-output>
          </reporter-output>
        </test-method> <!-- testGenreBasedOnMedia -->
        <test-method status="PASS" signature="testMovieMedia()[pri:0, instance:TestCases.MediaTest@62515a47]" name="testMovieMedia" duration-ms="19" started-at="2017-07-23T11:22:19Z" finished-at="2017-07-23T11:22:19Z">
          <reporter-output>
          </reporter-output>
        </test-method> <!-- testMovieMedia -->
        <test-method status="PASS" signature="testPodCastMedia()[pri:0, instance:TestCases.MediaTest@62515a47]" name="testPodCastMedia" duration-ms="17" started-at="2017-07-23T11:22:19Z" finished-at="2017-07-23T11:22:19Z">
          <reporter-output>
          </reporter-output>
        </test-method> <!-- testPodCastMedia -->
        <test-method status="PASS" signature="testShortFilmMedia()[pri:0, instance:TestCases.MediaTest@62515a47]" name="testShortFilmMedia" duration-ms="25" started-at="2017-07-23T11:22:19Z" finished-at="2017-07-23T11:22:19Z">
          <reporter-output>
          </reporter-output>
        </test-method> <!-- testShortFilmMedia -->
        <test-method status="PASS" signature="testSoftwareMedia()[pri:0, instance:TestCases.MediaTest@62515a47]" name="testSoftwareMedia" duration-ms="26" started-at="2017-07-23T11:22:19Z" finished-at="2017-07-23T11:22:19Z">
          <reporter-output>
          </reporter-output>
        </test-method> <!-- testSoftwareMedia -->
        <test-method status="PASS" signature="testTvShowMedia()[pri:0, instance:TestCases.MediaTest@62515a47]" name="testTvShowMedia" duration-ms="17" started-at="2017-07-23T11:22:19Z" finished-at="2017-07-23T11:22:19Z">
          <reporter-output>
          </reporter-output>
        </test-method> <!-- testTvShowMedia -->
      </class> <!-- TestCases.MediaTest -->
      <class name="TestCases.CountryTest">
        <test-method status="PASS" signature="ValidCountryARM()[pri:0, instance:TestCases.CountryTest@712ca57b]" name="ValidCountryARM" duration-ms="793" started-at="2017-07-23T11:22:17Z" finished-at="2017-07-23T11:22:18Z">
          <reporter-output>
          </reporter-output>
        </test-method> <!-- ValidCountryARM -->
        <test-method status="PASS" signature="ValidCountryGBR()[pri:0, instance:TestCases.CountryTest@712ca57b]" name="ValidCountryGBR" duration-ms="33" started-at="2017-07-23T11:22:18Z" finished-at="2017-07-23T11:22:18Z">
          <reporter-output>
          </reporter-output>
        </test-method> <!-- ValidCountryGBR -->
        <test-method status="PASS" signature="invalidCountryNegative()[pri:0, instance:TestCases.CountryTest@712ca57b]" name="invalidCountryNegative" duration-ms="141" started-at="2017-07-23T11:22:18Z" finished-at="2017-07-23T11:22:18Z">
          <reporter-output>
          </reporter-output>
        </test-method> <!-- invalidCountryNegative -->
        <test-method status="FAIL" signature="testDefaultCountry()[pri:0, instance:TestCases.CountryTest@712ca57b]" name="testDefaultCountry" duration-ms="74" started-at="2017-07-23T11:22:18Z" finished-at="2017-07-23T11:22:18Z">
          <exception class="java.lang.AssertionError">
            <message>
              <![CDATA[Verify country of origin is US in all results expected [USA] but found [SA]]]>
            </message>
            <full-stacktrace>
              <![CDATA[java.lang.AssertionError: Verify country of origin is US in all results expected [USA] but found [SA]
	at org.testng.Assert.fail(Assert.java:94)
	at org.testng.Assert.failNotEquals(Assert.java:513)
	at org.testng.Assert.assertEqualsImpl(Assert.java:135)
	at org.testng.Assert.assertEquals(Assert.java:116)
	at org.testng.Assert.assertEquals(Assert.java:190)
	at TestCases.CountryTest.testDefaultCountry(CountryTest.java:21)
	at sun.reflect.NativeMethodAccessorImpl.invoke0(Native Method)
	at sun.reflect.NativeMethodAccessorImpl.invoke(NativeMethodAccessorImpl.java:62)
	at sun.reflect.DelegatingMethodAccessorImpl.invoke(DelegatingMethodAccessorImpl.java:43)
	at java.lang.reflect.Method.invoke(Method.java:498)
	at org.testng.internal.MethodInvocationHelper.invokeMethod(MethodInvocationHelper.java:86)
	at org.testng.internal.Invoker.invokeMethod(Invoker.java:643)
	at org.testng.internal.Invoker.invokeTestMethod(Invoker.java:820)
	at org.testng.internal.Invoker.invokeTestMethods(Invoker.java:1128)
	at org.testng.internal.TestMethodWorker.invokeTestMethods(TestMethodWorker.java:129)
	at org.testng.internal.TestMethodWorker.run(TestMethodWorker.java:112)
	at org.testng.TestRunner.privateRun(TestRunner.java:782)
	at org.testng.TestRunner.run(TestRunner.java:632)
	at org.testng.SuiteRunner.runTest(SuiteRunner.java:366)
	at org.testng.SuiteRunner.runSequentially(SuiteRunner.java:361)
	at org.testng.SuiteRunner.privateRun(SuiteRunner.java:319)
	at org.testng.SuiteRunner.run(SuiteRunner.java:268)
	at org.testng.SuiteRunnerWorker.runSuite(SuiteRunnerWorker.java:52)
	at org.testng.SuiteRunnerWorker.run(SuiteRunnerWorker.java:86)
	at org.testng.TestNG.runSuitesSequentially(TestNG.java:1244)
	at org.testng.TestNG.runSuitesLocally(TestNG.java:1169)
	at org.testng.TestNG.run(TestNG.java:1064)
	at org.apache.maven.surefire.testng.TestNGExecutor.run(TestNGExecutor.java:77)
	at org.apache.maven.surefire.testng.TestNGDirectoryTestSuite.executeMulti(TestNGDirectoryTestSuite.java:189)
	at org.apache.maven.surefire.testng.TestNGDirectoryTestSuite.execute(TestNGDirectoryTestSuite.java:105)
	at org.apache.maven.surefire.testng.TestNGProvider.invoke(TestNGProvider.java:117)
	at sun.reflect.NativeMethodAccessorImpl.invoke0(Native Method)
	at sun.reflect.NativeMethodAccessorImpl.invoke(NativeMethodAccessorImpl.java:62)
	at sun.reflect.DelegatingMethodAccessorImpl.invoke(DelegatingMethodAccessorImpl.java:43)
	at java.lang.reflect.Method.invoke(Method.java:498)
	at org.apache.maven.surefire.util.ReflectionUtils.invokeMethodWithArray2(ReflectionUtils.java:208)
	at org.apache.maven.surefire.booter.ProviderFactory$ProviderProxy.invoke(ProviderFactory.java:158)
	at org.apache.maven.surefire.booter.ProviderFactory.invokeProvider(ProviderFactory.java:86)
	at org.apache.maven.surefire.booter.ForkedBooter.runSuitesInProcess(ForkedBooter.java:153)
	at org.apache.maven.surefire.booter.ForkedBooter.main(ForkedBooter.java:95)
]]>
            </full-stacktrace>
          </exception> <!-- java.lang.AssertionError -->
          <reporter-output>
          </reporter-output>
        </test-method> <!-- testDefaultCountry -->
      </class> <!-- TestCases.CountryTest -->
    </test> <!-- Command line test -->
  </suite> <!-- Command line suite -->
</testng-results>
