<?xml version="1.0" encoding="UTF-8"?>
<testsuite name="TestSuite" time="1.983" tests="23" errors="0" skipped="0" failures="1">
  <properties>
    <property name="idea.version" value="2016.1.4"/>
    <property name="java.runtime.name" value="Java(TM) SE Runtime Environment"/>
    <property name="sun.boot.library.path" value="/Library/Java/JavaVirtualMachines/jdk1.8.0_91.jdk/Contents/Home/jre/lib"/>
    <property name="java.vm.version" value="25.91-b14"/>
    <property name="gopherProxySet" value="false"/>
    <property name="java.vm.vendor" value="Oracle Corporation"/>
    <property name="java.vendor.url" value="http://java.oracle.com/"/>
    <property name="path.separator" value=":"/>
    <property name="guice.disable.misplaced.annotation.check" value="true"/>
    <property name="java.vm.name" value="Java HotSpot(TM) 64-Bit Server VM"/>
    <property name="file.encoding.pkg" value="sun.io"/>
    <property name="idea.launcher.port" value="7534"/>
    <property name="user.country" value="US"/>
    <property name="sun.java.launcher" value="SUN_STANDARD"/>
    <property name="sun.os.patch.level" value="unknown"/>
    <property name="java.vm.specification.name" value="Java Virtual Machine Specification"/>
    <property name="user.dir" value="/Users/levon/Desktop/IdeaProjects/SearchAPITest"/>
    <property name="java.runtime.version" value="1.8.0_91-b14"/>
    <property name="java.awt.graphicsenv" value="sun.awt.CGraphicsEnvironment"/>
    <property name="java.endorsed.dirs" value="/Library/Java/JavaVirtualMachines/jdk1.8.0_91.jdk/Contents/Home/jre/lib/endorsed"/>
    <property name="os.arch" value="x86_64"/>
    <property name="java.io.tmpdir" value="/var/folders/93/kh4jnsm52gs8ntm49bm_9rg40000gp/T/"/>
    <property name="line.separator" value="&#10;"/>
    <property name="java.vm.specification.vendor" value="Oracle Corporation"/>
    <property name="os.name" value="Mac OS X"/>
    <property name="classworlds.conf" value="/Applications/IntelliJ IDEA CE.app/Contents/plugins/maven/lib/maven3/bin/m2.conf"/>
    <property name="sun.jnu.encoding" value="UTF-8"/>
    <property name="java.library.path" value="/Users/levon/Library/Java/Extensions:/Library/Java/Extensions:/Network/Library/Java/Extensions:/System/Library/Java/Extensions:/usr/lib/java:."/>
    <property name="java.specification.name" value="Java Platform API Specification"/>
    <property name="java.class.version" value="52.0"/>
    <property name="sun.management.compiler" value="HotSpot 64-Bit Tiered Compilers"/>
    <property name="os.version" value="10.12.3"/>
    <property name="http.nonProxyHosts" value="local|*.local|169.254/16|*.169.254/16"/>
    <property name="user.home" value="/Users/levon"/>
    <property name="user.timezone" value="America/Los_Angeles"/>
    <property name="java.awt.printerjob" value="sun.lwawt.macosx.CPrinterJob"/>
    <property name="java.specification.version" value="1.8"/>
    <property name="idea.launcher.bin.path" value="/Applications/IntelliJ IDEA CE.app/Contents/bin"/>
    <property name="file.encoding" value="UTF-8"/>
    <property name="user.name" value="levon"/>
    <property name="java.class.path" value="/Applications/IntelliJ IDEA CE.app/Contents/plugins/maven/lib/maven3/boot/plexus-classworlds-2.4.jar:/Applications/IntelliJ IDEA CE.app/Contents/lib/idea_rt.jar"/>
    <property name="java.vm.specification.version" value="1.8"/>
    <property name="sun.arch.data.model" value="64"/>
    <property name="java.home" value="/Library/Java/JavaVirtualMachines/jdk1.8.0_91.jdk/Contents/Home/jre"/>
    <property name="sun.java.command" value="com.intellij.rt.execution.application.AppMain org.codehaus.classworlds.Launcher -Didea.version=2016.1.4 clean test"/>
    <property name="java.specification.vendor" value="Oracle Corporation"/>
    <property name="user.language" value="en"/>
    <property name="awt.toolkit" value="sun.lwawt.macosx.LWCToolkit"/>
    <property name="java.vm.info" value="mixed mode"/>
    <property name="java.version" value="1.8.0_91"/>
    <property name="java.ext.dirs" value="/Users/levon/Library/Java/Extensions:/Library/Java/JavaVirtualMachines/jdk1.8.0_91.jdk/Contents/Home/jre/lib/ext:/Library/Java/Extensions:/Network/Library/Java/Extensions:/System/Library/Java/Extensions:/usr/lib/java"/>
    <property name="sun.boot.class.path" value="/Library/Java/JavaVirtualMachines/jdk1.8.0_91.jdk/Contents/Home/jre/lib/resources.jar:/Library/Java/JavaVirtualMachines/jdk1.8.0_91.jdk/Contents/Home/jre/lib/rt.jar:/Library/Java/JavaVirtualMachines/jdk1.8.0_91.jdk/Contents/Home/jre/lib/sunrsasign.jar:/Library/Java/JavaVirtualMachines/jdk1.8.0_91.jdk/Contents/Home/jre/lib/jsse.jar:/Library/Java/JavaVirtualMachines/jdk1.8.0_91.jdk/Contents/Home/jre/lib/jce.jar:/Library/Java/JavaVirtualMachines/jdk1.8.0_91.jdk/Contents/Home/jre/lib/charsets.jar:/Library/Java/JavaVirtualMachines/jdk1.8.0_91.jdk/Contents/Home/jre/lib/jfr.jar:/Library/Java/JavaVirtualMachines/jdk1.8.0_91.jdk/Contents/Home/jre/classes"/>
    <property name="java.vendor" value="Oracle Corporation"/>
    <property name="maven.home" value="/Applications/IntelliJ IDEA CE.app/Contents/plugins/maven/lib/maven3"/>
    <property name="file.separator" value="/"/>
    <property name="java.vendor.url.bug" value="http://bugreport.sun.com/bugreport/"/>
    <property name="sun.cpu.endian" value="little"/>
    <property name="sun.io.unicode.encoding" value="UnicodeBig"/>
    <property name="socksNonProxyHosts" value="local|*.local|169.254/16|*.169.254/16"/>
    <property name="ftp.nonProxyHosts" value="local|*.local|169.254/16|*.169.254/16"/>
    <property name="sun.cpu.isalist" value=""/>
  </properties>
  <testcase name="ValidCountryARM" classname="TestCases.CountryTest" time="0.792"/>
  <testcase name="ValidCountryGBR" classname="TestCases.CountryTest" time="0.032"/>
  <testcase name="invalidCountryNegative" classname="TestCases.CountryTest" time="0.141"/>
  <testcase name="testDefaultCountry" classname="TestCases.CountryTest" time="0.081">
    <failure message="Verify country of origin is US in all results expected [USA] but found [SA]" type="java.lang.AssertionError">java.lang.AssertionError: Verify country of origin is US in all results expected [USA] but found [SA]
	at org.testng.Assert.fail(Assert.java:94)
	at org.testng.Assert.failNotEquals(Assert.java:513)
	at org.testng.Assert.assertEqualsImpl(Assert.java:135)
	at org.testng.Assert.assertEquals(Assert.java:116)
	at org.testng.Assert.assertEquals(Assert.java:190)
	at TestCases.CountryTest.testDefaultCountry(CountryTest.java:21)
</failure>
  </testcase>
  <testcase name="TestDefaultLimit" classname="TestCases.LimitCountTest" time="0.135"/>
  <testcase name="TestLimit0_Negative" classname="TestCases.LimitCountTest" time="0.089"/>
  <testcase name="testLimit1" classname="TestCases.LimitCountTest" time="0.065"/>
  <testcase name="testLimit200" classname="TestCases.LimitCountTest" time="0.131"/>
  <testcase name="testLimitCount20" classname="TestCases.LimitCountTest" time="0.094"/>
  <testcase name="testAudiobookMedia" classname="TestCases.MediaTest" time="0.028"/>
  <testcase name="testDefaultMovie" classname="TestCases.MediaTest" time="0.037"/>
  <testcase name="testDefaultMusicBand" classname="TestCases.MediaTest" time="0.027"/>
  <testcase name="testDefaultSong" classname="TestCases.MediaTest" time="0.032"/>
  <testcase name="testEbookMedia" classname="TestCases.MediaTest" time="0.017"/>
  <testcase name="testGenreBasedOnMedia" classname="TestCases.MediaTest" time="0.017"/>
  <testcase name="testMovieMedia" classname="TestCases.MediaTest" time="0.019"/>
  <testcase name="testPodCastMedia" classname="TestCases.MediaTest" time="0.017"/>
  <testcase name="testShortFilmMedia" classname="TestCases.MediaTest" time="0.025"/>
  <testcase name="testSoftwareMedia" classname="TestCases.MediaTest" time="0.026"/>
  <testcase name="testTvShowMedia" classname="TestCases.MediaTest" time="0.016"/>
  <testcase name="responseTermCountry" classname="TestCases.ResponseStatusCodeTest" time="0.077"/>
  <testcase name="responseTermCountryMedia" classname="TestCases.ResponseStatusCodeTest" time="0.059"/>
  <testcase name="responseTermCountryMedialimit" classname="TestCases.ResponseStatusCodeTest" time="0.026"/>
</testsuite>